[2024-12-28 23:00:52,207, 1025, httpx, INFO - HTTP Request: POST https://dagshub.com/login/oauth/middleman "HTTP/1.1 200 OK"]
[2024-12-28 23:00:53,090, 1025, httpx, INFO - HTTP Request: POST https://dagshub.com/login/oauth/access_token "HTTP/1.1 200 OK"]
[2024-12-28 23:00:53,860, 1025, httpx, INFO - HTTP Request: GET https://dagshub.com/api/v1/user "HTTP/1.1 200 OK"]
[2024-12-28 23:00:53,863, 107, dagshub, INFO - Accessing as vivekh2004]
[2024-12-28 23:00:54,678, 1025, httpx, INFO - HTTP Request: GET https://dagshub.com/api/v1/repos/vivekh2004/network-security "HTTP/1.1 200 OK"]
[2024-12-28 23:00:55,449, 1025, httpx, INFO - HTTP Request: GET https://dagshub.com/api/v1/user "HTTP/1.1 200 OK"]
[2024-12-28 23:00:55,454, 107, dagshub, INFO - Initialized MLflow to track repo "vivekh2004/network-security"]
[2024-12-28 23:00:55,455, 107, dagshub, INFO - Repository vivekh2004/network-security initialized!]
[2024-12-28 23:00:55,455, 20, root, INFO - Initiate the data ingestion]
[2024-12-28 23:01:00,817, 67, root, INFO - Performed train test split on the dataframe]
[2024-12-28 23:01:00,818, 69, root, INFO - Exited split_data_as_train_test method of Data_Ingestion class]
[2024-12-28 23:01:00,818, 77, root, INFO - Exporting train and test file path.]
[2024-12-28 23:01:00,863, 86, root, INFO - Exported train and test file path.]
[2024-12-28 23:01:00,863, 22, root, INFO - Data Initiation Completed]
[2024-12-28 23:01:00,869, 26, root, INFO - Initiate the data Validation]
[2024-12-28 23:01:00,942, 32, root, INFO - Required number of columns:2]
[2024-12-28 23:01:00,942, 33, root, INFO - Data frame has columns:31]
[2024-12-28 23:01:00,942, 32, root, INFO - Required number of columns:2]
[2024-12-28 23:01:00,942, 33, root, INFO - Data frame has columns:31]
[2024-12-28 23:01:01,064, 28, root, INFO - data Validation Completed]
[2024-12-28 23:01:01,065, 31, root, INFO - data Transformation started]
[2024-12-28 23:01:01,065, 63, root, INFO - Entered initiate_data_transformation method of DataTransformation class]
[2024-12-28 23:01:01,065, 65, root, INFO - Starting data transformation]
[2024-12-28 23:01:01,084, 48, root, INFO - Entered get_data_trnasformer_object method of Trnasformation class]
[2024-12-28 23:01:01,084, 53, root, INFO - Initialise KNNImputer with {'missing_values': nan, 'n_neighbors': 3, 'weights': 'uniform'}]
[2024-12-28 23:01:01,115, 46, root, INFO - Entered the save_object method of MainUtils class]
[2024-12-28 23:01:01,118, 50, root, INFO - Exited the save_object method of MainUtils class]
[2024-12-28 23:01:01,118, 46, root, INFO - Entered the save_object method of MainUtils class]
[2024-12-28 23:01:01,121, 50, root, INFO - Exited the save_object method of MainUtils class]
[2024-12-28 23:01:01,122, 35, root, INFO - data Transformation completed]
[2024-12-28 23:01:01,122, 37, root, INFO - Model Training sstared]
[2024-12-28 23:03:52,790, 46, root, INFO - Entered the save_object method of MainUtils class]
[2024-12-28 23:03:52,791, 50, root, INFO - Exited the save_object method of MainUtils class]
[2024-12-28 23:03:52,791, 46, root, INFO - Entered the save_object method of MainUtils class]
[2024-12-28 23:03:52,793, 50, root, INFO - Exited the save_object method of MainUtils class]
[2024-12-28 23:03:52,794, 118, root, INFO - Model trainer artifact: ModelTrainerArtifact(trained_model_file_path='trained_model\\model.pkl', train_metric_artifact=ClassificationMetricArtifact(f1_score=0.9919306031874118, precision_score=0.9925312878482034, recall_score=0.9913306451612903), test_metric_artifact=ClassificationMetricArtifact(f1_score=0.9696465696465697, precision_score=0.9652317880794702, recall_score=0.9741019214703425))]
[2024-12-28 23:03:52,794, 42, root, INFO - Model Training artifact created]
